Arguments: 
  /usr/local/bin/node /usr/local/bin/yarn add bluebird

PATH: 
  /usr/local/bin:/usr/bin:/bin:/usr/sbin:/sbin:/usr/local/go/bin:/usr/local/go/bin

Yarn version: 
  1.3.2

Node version: 
  8.9.1

Platform: 
  darwin x64

npm manifest: 
  {
    "name": "business-service",
    "version": "0.0.1",
    "description": "iKoreaTown Business Service",
    "main": "server.js",
    "directories": {
      "test": "cross-env NODE_ENV=test mocha --require babel-core/register tests/**/*.test.js",
      "start": "clear && babel-node server.js",
      "debug": "clear && babel-node --inspect=0.0.0.0:9229 server.js ",
    },
    "scripts": {
      "test": "echo \"Error: no test specified\" && exit 1"
    },
    "repository": {
      "type": "git",
      "url": "git+https://github.com/KL-Kim/business-service.git"
    },
    "keywords": [
      "node.js",
      "mongoose"
    ],
    "author": "Tony Kim",
    "license": "MIT",
    "bugs": {
      "url": "https://github.com/KL-Kim/business-service/issues"
    },
    "homepage": "https://github.com/KL-Kim/business-service#readme"
  }

yarn manifest: 
  No manifest

Lockfile: 
  No lockfile

Trace: 
  SyntaxError: /Users/k/Desktop/ikoreatown-microservices/business-service/package.json: Unexpected token } in JSON at position 356
      at JSON.parse (<anonymous>)
      at /usr/local/lib/node_modules/yarn/lib/cli.js:770:59
      at Generator.next (<anonymous>)
      at step (/usr/local/lib/node_modules/yarn/lib/cli.js:92:30)
      at /usr/local/lib/node_modules/yarn/lib/cli.js:103:13
      at <anonymous>
